
{"agentId":"system-introspection","action":"system_introspection","payload":{"memoryCount":1,"memoryByDomain":{"identity":1},"approximateMemoryGrowth24h":1,"retrievalCount":0,"averageRetrievedItems":0,"predictionCount":0,"averagePredictionConfidence":0,"clutterRatio":0},"id":"op_mmt47dul_hcl9qljp","timestamp":1773661403613}
{"agentId":"test-agent","action":"test_action","payload":{"x":1},"id":"op_mmt4emav_73y9x1nr","timestamp":1773661741159}
{"agentId":"test-agent","action":"test_action","payload":{"x":1},"id":"op_mmt4f50r_hyf1ccgp","timestamp":1773661765419}
{"agentId":"test-agent","action":"test_action","payload":{"x":1},"id":"op_mmt4lm9h_zqtvkwe6","timestamp":1773662067701}
{"agentId":"test-agent","action":"test_action","payload":{"x":1},"id":"op_mmtej4cd_vjpg4igp","timestamp":1773678747325}
{"agentId":"test-agent","action":"test_action","payload":{"x":1},"id":"op_mmtejczo_gk8pypke","timestamp":1773678758532}
{"agentId":"test-agent","action":"test_action","payload":{"x":1},"id":"op_mmtet74z_07jle16f","timestamp":1773679217507}
{"agentId":"test-agent","action":"test_action","payload":{"x":1},"id":"op_mmtevjtg_p0gmj5h2","timestamp":1773679327252}
{"agentId":"test-agent","action":"test_action","payload":{"x":1},"id":"op_mmtew482_gvjl6vrf","timestamp":1773679353698}
{"agentId":"test-agent","action":"test_action","payload":{"x":1},"id":"op_mmteyli2_24zz05yb","timestamp":1773679469402}
{"agentId":"test-agent","action":"test_action","payload":{"x":1},"id":"op_mmtf0wey_i8hvg2kb","timestamp":1773679576858}
{"agentId":"test-agent","action":"test_action","payload":{"x":1},"id":"op_mmtf3f2f_exdavc3e","timestamp":1773679694343}
{"agentId":"test-agent","action":"test_action","payload":{"x":1},"id":"op_mmtf41ui_536wl4ze","timestamp":1773679723866}
{"agentId":"test-agent","action":"test_action","payload":{"x":1},"id":"op_mmtf4q2o_xd6rj4u0","timestamp":1773679755264}
{"agentId":"test-agent","action":"test_action","payload":{"x":1},"id":"op_mmtjhxht_1n9ss83w","timestamp":1773687089873}
{"agentId":"test-agent","action":"test_action","payload":{"x":1},"id":"op_mmtjiz5u_umjpts14","timestamp":1773687138690}
{"agentId":"test-agent","action":"test_action","payload":{"x":1},"id":"op_mmtz0xz0_pqu1e5m3","timestamp":1773713171196}
{"agentId":"test-agent","action":"test_action","payload":{"x":1},"id":"op_mmuhb6rr_nc8b14th","timestamp":1773743882247}
{"agentId":"test-agent","action":"test_action","payload":{"x":1},"id":"op_mmuhbv5m_1ap26x7c","timestamp":1773743913850}
{"agentId":"test-agent","action":"test_action","payload":{"x":1},"id":"op_mmuhmq92_rqri0l9t","timestamp":1773744420711}
{"agentId":"test-agent","action":"test_action","payload":{"x":1},"id":"op_mmuhndks_z16mzy1b","timestamp":1773744450940}
{"agentId":"test-agent","action":"test_action","payload":{"x":1},"id":"op_mmui0v4n_m6gwdf99","timestamp":1773745080215}
{"agentId":"test-agent","action":"test_action","payload":{"x":1},"id":"op_mmui1x8a_nll1wngu","timestamp":1773745129594}
{"agentId":"test-agent","action":"test_action","payload":{"x":1},"id":"op_mmuinnl3_apzljb64","timestamp":1773746143527}
{"agentId":"test-agent","action":"test_action","payload":{"x":1},"id":"op_mmv7ssv4_x03norl0","timestamp":1773788374048}
{"agentId":"test-agent","action":"test_action","payload":{"x":1},"id":"op_mmv87czy_g4i7e10v","timestamp":1773789053326}
{"agentId":"test-agent","action":"test_action","payload":{"x":1},"id":"op_mmvdvnem_xs7q2wxj","timestamp":1773798584638}
{"agentId":"test-agent","action":"test_action","payload":{"x":1},"id":"op_mmwmw1fi_mb9fezd1","timestamp":1773874185534}
{"agentId":"test-agent","action":"test_action","payload":{"x":1},"id":"op_mmwmywcn_hy3e6vtd","timestamp":1773874318919}
